INFO: [VRFC 10-2263] Analyzing Verilog file "E:/Sem-2/HW-SW/SOC-lab-vivado/RestoringDiv/RestoringDiv.srcs/sources_1/new/piporeg.v" into library xil_defaultlib
INFO: [VRFC 10-311] analyzing module piporeg
INFO: [VRFC 10-2263] Analyzing Verilog file "E:/Sem-2/HW-SW/SOC-lab-vivado/RestoringDiv/RestoringDiv.srcs/sources_1/new/shreg.v" into library xil_defaultlib
INFO: [VRFC 10-311] analyzing module shreg
INFO: [VRFC 10-2263] Analyzing Verilog file "E:/Sem-2/HW-SW/SOC-lab-vivado/RestoringDiv/RestoringDiv.srcs/sources_1/new/mux2.v" into library xil_defaultlib
INFO: [VRFC 10-311] analyzing module mux2
INFO: [VRFC 10-2263] Analyzing Verilog file "E:/Sem-2/HW-SW/SOC-lab-vivado/RestoringDiv/RestoringDiv.srcs/sources_1/new/mux1.v" into library xil_defaultlib
INFO: [VRFC 10-311] analyzing module mux1
INFO: [VRFC 10-2263] Analyzing Verilog file "E:/Sem-2/HW-SW/SOC-lab-vivado/RestoringDiv/RestoringDiv.srcs/sources_1/new/sub.v" into library xil_defaultlib
INFO: [VRFC 10-311] analyzing module sub
INFO: [VRFC 10-2263] Analyzing Verilog file "E:/Sem-2/HW-SW/SOC-lab-vivado/RestoringDiv/RestoringDiv.srcs/sources_1/new/shregn.v" into library xil_defaultlib
INFO: [VRFC 10-311] analyzing module shregn
INFO: [VRFC 10-2263] Analyzing Verilog file "E:/Sem-2/HW-SW/SOC-lab-vivado/RestoringDiv/RestoringDiv.srcs/sources_1/new/count.v" into library xil_defaultlib
INFO: [VRFC 10-311] analyzing module count
INFO: [VRFC 10-2263] Analyzing Verilog file "E:/Sem-2/HW-SW/SOC-lab-vivado/RestoringDiv/RestoringDiv.srcs/sources_1/new/RACPN.v" into library xil_defaultlib
INFO: [VRFC 10-311] analyzing module RACPN
INFO: [VRFC 10-2263] Analyzing Verilog file "E:/Sem-2/HW-SW/SOC-lab-vivado/RestoringDiv/RestoringDiv.srcs/sources_1/new/RADP.v" into library xil_defaultlib
INFO: [VRFC 10-311] analyzing module RADP
INFO: [VRFC 10-2458] undeclared symbol din, assumed default net type wire [E:/Sem-2/HW-SW/SOC-lab-vivado/RestoringDiv/RestoringDiv.srcs/sources_1/new/RADP.v:27]
INFO: [VRFC 10-2458] undeclared symbol Z, assumed default net type wire [E:/Sem-2/HW-SW/SOC-lab-vivado/RestoringDiv/RestoringDiv.srcs/sources_1/new/RADP.v:32]
INFO: [VRFC 10-2263] Analyzing Verilog file "E:/Sem-2/HW-SW/SOC-lab-vivado/RestoringDiv/RestoringDiv.srcs/sim_1/new/RATB.v" into library xil_defaultlib
INFO: [VRFC 10-311] analyzing module RATB
INFO: [VRFC 10-2458] undeclared symbol zero, assumed default net type wire [E:/Sem-2/HW-SW/SOC-lab-vivado/RestoringDiv/RestoringDiv.srcs/sim_1/new/RATB.v:32]
INFO: [VRFC 10-2458] undeclared symbol ams, assumed default net type wire [E:/Sem-2/HW-SW/SOC-lab-vivado/RestoringDiv/RestoringDiv.srcs/sim_1/new/RATB.v:32]
INFO: [VRFC 10-2458] undeclared symbol ldQ, assumed default net type wire [E:/Sem-2/HW-SW/SOC-lab-vivado/RestoringDiv/RestoringDiv.srcs/sim_1/new/RATB.v:32]
INFO: [VRFC 10-2458] undeclared symbol ldM, assumed default net type wire [E:/Sem-2/HW-SW/SOC-lab-vivado/RestoringDiv/RestoringDiv.srcs/sim_1/new/RATB.v:32]
INFO: [VRFC 10-2458] undeclared symbol ldA, assumed default net type wire [E:/Sem-2/HW-SW/SOC-lab-vivado/RestoringDiv/RestoringDiv.srcs/sim_1/new/RATB.v:32]
INFO: [VRFC 10-2458] undeclared symbol ldd, assumed default net type wire [E:/Sem-2/HW-SW/SOC-lab-vivado/RestoringDiv/RestoringDiv.srcs/sim_1/new/RATB.v:32]
INFO: [VRFC 10-2458] undeclared symbol sh, assumed default net type wire [E:/Sem-2/HW-SW/SOC-lab-vivado/RestoringDiv/RestoringDiv.srcs/sim_1/new/RATB.v:32]
INFO: [VRFC 10-2458] undeclared symbol sel1, assumed default net type wire [E:/Sem-2/HW-SW/SOC-lab-vivado/RestoringDiv/RestoringDiv.srcs/sim_1/new/RATB.v:32]
INFO: [VRFC 10-2458] undeclared symbol ldcn, assumed default net type wire [E:/Sem-2/HW-SW/SOC-lab-vivado/RestoringDiv/RestoringDiv.srcs/sim_1/new/RATB.v:32]
INFO: [VRFC 10-2458] undeclared symbol ldb, assumed default net type wire [E:/Sem-2/HW-SW/SOC-lab-vivado/RestoringDiv/RestoringDiv.srcs/sim_1/new/RATB.v:32]
INFO: [VRFC 10-2458] undeclared symbol enct, assumed default net type wire [E:/Sem-2/HW-SW/SOC-lab-vivado/RestoringDiv/RestoringDiv.srcs/sim_1/new/RATB.v:32]
INFO: [VRFC 10-2263] Analyzing Verilog file "E:/Sem-2/HW-SW/SOC-lab-vivado/RestoringDiv/RestoringDiv.sim/sim_1/behav/glbl.v" into library xil_defaultlib
INFO: [VRFC 10-311] analyzing module glbl
