INFO: [VRFC 10-2263] Analyzing Verilog file "E:/Sem-2/HW-SW/SOC-lab-vivado/FPM/FPM.srcs/sources_1/new/fulladder.v" into library xil_defaultlib
INFO: [VRFC 10-311] analyzing module fulladder
INFO: [VRFC 10-2263] Analyzing Verilog file "E:/Sem-2/HW-SW/SOC-lab-vivado/FPM/FPM.srcs/sources_1/new/rca.v" into library xil_defaultlib
INFO: [VRFC 10-311] analyzing module rca
INFO: [VRFC 10-2263] Analyzing Verilog file "E:/Sem-2/HW-SW/SOC-lab-vivado/FPM/FPM.srcs/sources_1/new/csa.v" into library xil_defaultlib
INFO: [VRFC 10-311] analyzing module csa
INFO: [VRFC 10-2263] Analyzing Verilog file "E:/Sem-2/HW-SW/SOC-lab-vivado/FPM/FPM.srcs/sources_1/new/pipo5.v" into library xil_defaultlib
INFO: [VRFC 10-311] analyzing module pipo5
INFO: [VRFC 10-2263] Analyzing Verilog file "E:/Sem-2/HW-SW/SOC-lab-vivado/FPM/FPM.srcs/sources_1/new/pipo4.v" into library xil_defaultlib
INFO: [VRFC 10-311] analyzing module pipo4
INFO: [VRFC 10-2263] Analyzing Verilog file "E:/Sem-2/HW-SW/SOC-lab-vivado/FPM/FPM.srcs/sources_1/new/pipo3.v" into library xil_defaultlib
INFO: [VRFC 10-311] analyzing module pipo3
INFO: [VRFC 10-2263] Analyzing Verilog file "E:/Sem-2/HW-SW/SOC-lab-vivado/FPM/FPM.srcs/sources_1/new/pipo2.v" into library xil_defaultlib
INFO: [VRFC 10-311] analyzing module pipo2
INFO: [VRFC 10-2263] Analyzing Verilog file "E:/Sem-2/HW-SW/SOC-lab-vivado/FPM/FPM.srcs/sources_1/new/pipo1.v" into library xil_defaultlib
INFO: [VRFC 10-311] analyzing module pipo1
INFO: [VRFC 10-2263] Analyzing Verilog file "E:/Sem-2/HW-SW/SOC-lab-vivado/FPM/FPM.srcs/sources_1/new/mux.v" into library xil_defaultlib
INFO: [VRFC 10-311] analyzing module mux
INFO: [VRFC 10-2263] Analyzing Verilog file "E:/Sem-2/HW-SW/SOC-lab-vivado/FPM/FPM.srcs/sources_1/new/mantf.v" into library xil_defaultlib
INFO: [VRFC 10-311] analyzing module mantf
INFO: [VRFC 10-2263] Analyzing Verilog file "E:/Sem-2/HW-SW/SOC-lab-vivado/FPM/FPM.srcs/sources_1/new/adder.v" into library xil_defaultlib
INFO: [VRFC 10-311] analyzing module adder
INFO: [VRFC 10-2263] Analyzing Verilog file "E:/Sem-2/HW-SW/SOC-lab-vivado/FPM/FPM.srcs/sources_1/new/wallacetree.v" into library xil_defaultlib
INFO: [VRFC 10-311] analyzing module wallacetree
INFO: [VRFC 10-2263] Analyzing Verilog file "E:/Sem-2/HW-SW/SOC-lab-vivado/FPM/FPM.srcs/sources_1/new/FPMDPN.v" into library xil_defaultlib
INFO: [VRFC 10-311] analyzing module FPMDPN
INFO: [VRFC 10-2263] Analyzing Verilog file "E:/Sem-2/HW-SW/SOC-lab-vivado/FPM/FPM.srcs/sources_1/new/FPMCP.v" into library xil_defaultlib
INFO: [VRFC 10-311] analyzing module FPMCP
INFO: [VRFC 10-2263] Analyzing Verilog file "E:/Sem-2/HW-SW/SOC-lab-vivado/FPM/FPM.srcs/sim_1/new/FPMTBN.v" into library xil_defaultlib
INFO: [VRFC 10-311] analyzing module FPMTBN
INFO: [VRFC 10-2458] undeclared symbol zeroA, assumed default net type wire [E:/Sem-2/HW-SW/SOC-lab-vivado/FPM/FPM.srcs/sim_1/new/FPMTBN.v:29]
INFO: [VRFC 10-2458] undeclared symbol zeroB, assumed default net type wire [E:/Sem-2/HW-SW/SOC-lab-vivado/FPM/FPM.srcs/sim_1/new/FPMTBN.v:29]
INFO: [VRFC 10-2458] undeclared symbol check, assumed default net type wire [E:/Sem-2/HW-SW/SOC-lab-vivado/FPM/FPM.srcs/sim_1/new/FPMTBN.v:29]
INFO: [VRFC 10-2458] undeclared symbol ldA, assumed default net type wire [E:/Sem-2/HW-SW/SOC-lab-vivado/FPM/FPM.srcs/sim_1/new/FPMTBN.v:29]
INFO: [VRFC 10-2458] undeclared symbol ldB, assumed default net type wire [E:/Sem-2/HW-SW/SOC-lab-vivado/FPM/FPM.srcs/sim_1/new/FPMTBN.v:29]
INFO: [VRFC 10-2458] undeclared symbol ldD, assumed default net type wire [E:/Sem-2/HW-SW/SOC-lab-vivado/FPM/FPM.srcs/sim_1/new/FPMTBN.v:29]
INFO: [VRFC 10-2458] undeclared symbol ldS, assumed default net type wire [E:/Sem-2/HW-SW/SOC-lab-vivado/FPM/FPM.srcs/sim_1/new/FPMTBN.v:29]
INFO: [VRFC 10-2458] undeclared symbol ldE, assumed default net type wire [E:/Sem-2/HW-SW/SOC-lab-vivado/FPM/FPM.srcs/sim_1/new/FPMTBN.v:29]
INFO: [VRFC 10-2458] undeclared symbol ldM, assumed default net type wire [E:/Sem-2/HW-SW/SOC-lab-vivado/FPM/FPM.srcs/sim_1/new/FPMTBN.v:29]
INFO: [VRFC 10-2458] undeclared symbol ldFS, assumed default net type wire [E:/Sem-2/HW-SW/SOC-lab-vivado/FPM/FPM.srcs/sim_1/new/FPMTBN.v:29]
INFO: [VRFC 10-2458] undeclared symbol ldFE, assumed default net type wire [E:/Sem-2/HW-SW/SOC-lab-vivado/FPM/FPM.srcs/sim_1/new/FPMTBN.v:29]
INFO: [VRFC 10-2458] undeclared symbol ldFM, assumed default net type wire [E:/Sem-2/HW-SW/SOC-lab-vivado/FPM/FPM.srcs/sim_1/new/FPMTBN.v:29]
INFO: [VRFC 10-2458] undeclared symbol carryin, assumed default net type wire [E:/Sem-2/HW-SW/SOC-lab-vivado/FPM/FPM.srcs/sim_1/new/FPMTBN.v:29]
INFO: [VRFC 10-2263] Analyzing Verilog file "E:/Sem-2/HW-SW/SOC-lab-vivado/FPM/FPM.sim/sim_1/behav/glbl.v" into library xil_defaultlib
INFO: [VRFC 10-311] analyzing module glbl
