Vivado Simulator 2016.2
Copyright 1986-1999, 2001-2016 Xilinx, Inc. All Rights Reserved.
Running: C:/Xilinx/Vivado/2016.2/bin/unwrapped/win64.o/xelab.exe -wto 398e5447cacf49b0afef68856fd3d467 --debug typical --relax --mt 2 -L xil_defaultlib -L unisims_ver -L unimacro_ver -L secureip --snapshot NRATB_behav xil_defaultlib.NRATB xil_defaultlib.glbl -log elaborate.log 
Using 2 slave threads.
Starting static elaboration
WARNING: [VRFC 10-278] actual bit length 32 differs from formal bit length 1 for port in0 [E:/Sem-2/HW-SW/SOC-lab-vivado/NonRestoringDiv/NonRestoringDiv.srcs/sources_1/new/NRADP.v:30]
Completed static elaboration
Starting simulation data flow analysis
Completed simulation data flow analysis
Time Resolution for simulation is 1ps
Compiling module xil_defaultlib.shreg
Compiling module xil_defaultlib.shregn
Compiling module xil_defaultlib.piporeg
Compiling module xil_defaultlib.addsub
Compiling module xil_defaultlib.mux2
Compiling module xil_defaultlib.counter
Compiling module xil_defaultlib.NRADP
Compiling module xil_defaultlib.NRACPN
Compiling module xil_defaultlib.NRATB
Compiling module xil_defaultlib.glbl
Built simulation snapshot NRATB_behav
