INFO: [VRFC 10-2263] Analyzing Verilog file "E:/Sem-2/HW-SW/SOC-lab-vivado/BoothsMul/BoothsMul.srcs/sources_1/new/shreg.v" into library xil_defaultlib
INFO: [VRFC 10-311] analyzing module shreg
INFO: [VRFC 10-2263] Analyzing Verilog file "E:/Sem-2/HW-SW/SOC-lab-vivado/BoothsMul/BoothsMul.srcs/sources_1/new/dff.v" into library xil_defaultlib
INFO: [VRFC 10-311] analyzing module dff
INFO: [VRFC 10-2263] Analyzing Verilog file "E:/Sem-2/HW-SW/SOC-lab-vivado/BoothsMul/BoothsMul.srcs/sources_1/new/piporeg.v" into library xil_defaultlib
INFO: [VRFC 10-311] analyzing module piporeg
INFO: [VRFC 10-2263] Analyzing Verilog file "E:/Sem-2/HW-SW/SOC-lab-vivado/BoothsMul/BoothsMul.srcs/sources_1/new/addsub.v" into library xil_defaultlib
INFO: [VRFC 10-311] analyzing module addsub
INFO: [VRFC 10-2263] Analyzing Verilog file "E:/Sem-2/HW-SW/SOC-lab-vivado/BoothsMul/BoothsMul.srcs/sources_1/new/counter.v" into library xil_defaultlib
INFO: [VRFC 10-311] analyzing module counter
INFO: [VRFC 10-2263] Analyzing Verilog file "E:/Sem-2/HW-SW/SOC-lab-vivado/BoothsMul/BoothsMul.srcs/sources_1/new/BMCPN.v" into library xil_defaultlib
INFO: [VRFC 10-311] analyzing module BMCPN
INFO: [VRFC 10-2263] Analyzing Verilog file "E:/Sem-2/HW-SW/SOC-lab-vivado/BoothsMul/BoothsMul.srcs/sources_1/new/BMDP.v" into library xil_defaultlib
INFO: [VRFC 10-311] analyzing module BMDP
INFO: [VRFC 10-2263] Analyzing Verilog file "E:/Sem-2/HW-SW/SOC-lab-vivado/BoothsMul/BoothsMul.srcs/sim_1/new/BMTB.v" into library xil_defaultlib
INFO: [VRFC 10-311] analyzing module BMTB
INFO: [VRFC 10-2458] undeclared symbol q0, assumed default net type wire [E:/Sem-2/HW-SW/SOC-lab-vivado/BoothsMul/BoothsMul.srcs/sim_1/new/BMTB.v:29]
INFO: [VRFC 10-2458] undeclared symbol qL, assumed default net type wire [E:/Sem-2/HW-SW/SOC-lab-vivado/BoothsMul/BoothsMul.srcs/sim_1/new/BMTB.v:29]
INFO: [VRFC 10-2458] undeclared symbol zero, assumed default net type wire [E:/Sem-2/HW-SW/SOC-lab-vivado/BoothsMul/BoothsMul.srcs/sim_1/new/BMTB.v:29]
INFO: [VRFC 10-2458] undeclared symbol ldA, assumed default net type wire [E:/Sem-2/HW-SW/SOC-lab-vivado/BoothsMul/BoothsMul.srcs/sim_1/new/BMTB.v:29]
INFO: [VRFC 10-2458] undeclared symbol ldQ, assumed default net type wire [E:/Sem-2/HW-SW/SOC-lab-vivado/BoothsMul/BoothsMul.srcs/sim_1/new/BMTB.v:29]
INFO: [VRFC 10-2458] undeclared symbol ldM, assumed default net type wire [E:/Sem-2/HW-SW/SOC-lab-vivado/BoothsMul/BoothsMul.srcs/sim_1/new/BMTB.v:29]
INFO: [VRFC 10-2458] undeclared symbol ldcn, assumed default net type wire [E:/Sem-2/HW-SW/SOC-lab-vivado/BoothsMul/BoothsMul.srcs/sim_1/new/BMTB.v:29]
INFO: [VRFC 10-2458] undeclared symbol enct, assumed default net type wire [E:/Sem-2/HW-SW/SOC-lab-vivado/BoothsMul/BoothsMul.srcs/sim_1/new/BMTB.v:29]
INFO: [VRFC 10-2458] undeclared symbol shct, assumed default net type wire [E:/Sem-2/HW-SW/SOC-lab-vivado/BoothsMul/BoothsMul.srcs/sim_1/new/BMTB.v:29]
INFO: [VRFC 10-2458] undeclared symbol sel, assumed default net type wire [E:/Sem-2/HW-SW/SOC-lab-vivado/BoothsMul/BoothsMul.srcs/sim_1/new/BMTB.v:29]
INFO: [VRFC 10-2263] Analyzing Verilog file "E:/Sem-2/HW-SW/SOC-lab-vivado/BoothsMul/BoothsMul.sim/sim_1/behav/glbl.v" into library xil_defaultlib
INFO: [VRFC 10-311] analyzing module glbl
