Exception at PC 0x000007FD28D5AEA8
Exception at PC 0x000007FD28D5AEA8
Exception at PC 0x000007FD28D5AEA8
Unable to capture context for thread 7900 in process 6604, can not generate back trace
Exception at PC 0x000007FCBB8ABB93
Printing stacktrace...

Unable to capture context for thread 7900 in process 6604, can not generate back trace
Exception at PC 0x000007FD28D5AEA8
Exception at PC 0x000007FD28D5AEA8
Exception at PC 0x000007FD28D5AEA8
Exception at PC 0x000007FD28D5AEA8
Exception at PC 0x000007FD28D5AEA8
Exception at PC 0x000007FD28D5AEA8
Exception at PC 0x000007FD28D5AEA8
Exception at PC 0x000007FD28D5AEA8
Exception at PC 0x000007FD28D5AEA8
Exception at PC 0x000007FD28D5AEA8
Exception at PC 0x000007FD28D5AEA8
Exception at PC 0x000007FD28D5AEA8
Exception at PC 0x000007FD28D5AEA8
Exception at PC 0x000007FD28D5AEA8
Exception at PC 0x000007FD28D5AEA8
[0]  [0x000007FCBB8ABB93]
[1]  [0x000007FCBB8ABB93]
[2]  [0x000007FCBB8AB4A1]
[3]  [0x000007FCBB8AB3EF]
[4]  [0x000007FCBB8919FE]
[5]  [0x000007FCBB890ED1]
[6]  [0x000007FCBB890D76]
[7]  [0x000007FCBB8379F6]
[8]  [0x000007FCBB827AFB]
[9]  [0x000007FCBB94E90A]
[10]  [0x000007FCBB969F87]
[11]  [0x000007FCBB96A05F]
[12] (BaseThreadInitThunk+0x1a) [0x000007FD2A751842]
[13] (RtlUserThreadStart+0x21) [0x000007FD2BB7DF11]
Done
