INFO: [VRFC 10-2263] Analyzing Verilog file "E:/Sem-2/HW-SW/SOC-lab-vivado/MAC/MAC.srcs/sources_1/new/fulladder.v" into library xil_defaultlib
INFO: [VRFC 10-311] analyzing module fulladder
INFO: [VRFC 10-2263] Analyzing Verilog file "E:/Sem-2/HW-SW/SOC-lab-vivado/MAC/MAC.srcs/sources_1/new/piporeg.v" into library xil_defaultlib
INFO: [VRFC 10-311] analyzing module piporeg
INFO: [VRFC 10-2263] Analyzing Verilog file "E:/Sem-2/HW-SW/SOC-lab-vivado/MAC/MAC.srcs/sources_1/new/shreg.v" into library xil_defaultlib
INFO: [VRFC 10-311] analyzing module shreg
INFO: [VRFC 10-2263] Analyzing Verilog file "E:/Sem-2/HW-SW/SOC-lab-vivado/MAC/MAC.srcs/sources_1/new/dff.v" into library xil_defaultlib
INFO: [VRFC 10-311] analyzing module dff
INFO: [VRFC 10-2263] Analyzing Verilog file "E:/Sem-2/HW-SW/SOC-lab-vivado/MAC/MAC.srcs/sources_1/new/counter.v" into library xil_defaultlib
INFO: [VRFC 10-311] analyzing module counter
INFO: [VRFC 10-2263] Analyzing Verilog file "E:/Sem-2/HW-SW/SOC-lab-vivado/MAC/MAC.srcs/sources_1/new/addsub.v" into library xil_defaultlib
INFO: [VRFC 10-311] analyzing module addsub
INFO: [VRFC 10-2263] Analyzing Verilog file "E:/Sem-2/HW-SW/SOC-lab-vivado/MAC/MAC.srcs/sources_1/new/pipo.v" into library xil_defaultlib
INFO: [VRFC 10-311] analyzing module pipo
INFO: [VRFC 10-2263] Analyzing Verilog file "E:/Sem-2/HW-SW/SOC-lab-vivado/MAC/MAC.srcs/sources_1/new/accumulator.v" into library xil_defaultlib
INFO: [VRFC 10-311] analyzing module accumulator
INFO: [VRFC 10-2263] Analyzing Verilog file "E:/Sem-2/HW-SW/SOC-lab-vivado/MAC/MAC.srcs/sources_1/new/MACDP.v" into library xil_defaultlib
INFO: [VRFC 10-311] analyzing module MACDP
INFO: [VRFC 10-2458] undeclared symbol cout, assumed default net type wire [E:/Sem-2/HW-SW/SOC-lab-vivado/MAC/MAC.srcs/sources_1/new/MACDP.v:36]
INFO: [VRFC 10-2263] Analyzing Verilog file "E:/Sem-2/HW-SW/SOC-lab-vivado/MAC/MAC.srcs/sources_1/new/MACCP.v" into library xil_defaultlib
INFO: [VRFC 10-311] analyzing module MACCP
INFO: [VRFC 10-2263] Analyzing Verilog file "E:/Sem-2/HW-SW/SOC-lab-vivado/MAC/MAC.srcs/sources_1/new/MACTB.v" into library xil_defaultlib
INFO: [VRFC 10-311] analyzing module MACTB
INFO: [VRFC 10-2458] undeclared symbol q0, assumed default net type wire [E:/Sem-2/HW-SW/SOC-lab-vivado/MAC/MAC.srcs/sources_1/new/MACTB.v:29]
INFO: [VRFC 10-2458] undeclared symbol qL, assumed default net type wire [E:/Sem-2/HW-SW/SOC-lab-vivado/MAC/MAC.srcs/sources_1/new/MACTB.v:29]
INFO: [VRFC 10-2458] undeclared symbol zero, assumed default net type wire [E:/Sem-2/HW-SW/SOC-lab-vivado/MAC/MAC.srcs/sources_1/new/MACTB.v:29]
INFO: [VRFC 10-2458] undeclared symbol ldr, assumed default net type wire [E:/Sem-2/HW-SW/SOC-lab-vivado/MAC/MAC.srcs/sources_1/new/MACTB.v:29]
INFO: [VRFC 10-2458] undeclared symbol ldA, assumed default net type wire [E:/Sem-2/HW-SW/SOC-lab-vivado/MAC/MAC.srcs/sources_1/new/MACTB.v:29]
INFO: [VRFC 10-2458] undeclared symbol ldQ, assumed default net type wire [E:/Sem-2/HW-SW/SOC-lab-vivado/MAC/MAC.srcs/sources_1/new/MACTB.v:29]
INFO: [VRFC 10-2458] undeclared symbol ldM, assumed default net type wire [E:/Sem-2/HW-SW/SOC-lab-vivado/MAC/MAC.srcs/sources_1/new/MACTB.v:29]
INFO: [VRFC 10-2458] undeclared symbol ldcn, assumed default net type wire [E:/Sem-2/HW-SW/SOC-lab-vivado/MAC/MAC.srcs/sources_1/new/MACTB.v:29]
INFO: [VRFC 10-2458] undeclared symbol enct, assumed default net type wire [E:/Sem-2/HW-SW/SOC-lab-vivado/MAC/MAC.srcs/sources_1/new/MACTB.v:29]
INFO: [VRFC 10-2458] undeclared symbol shct, assumed default net type wire [E:/Sem-2/HW-SW/SOC-lab-vivado/MAC/MAC.srcs/sources_1/new/MACTB.v:29]
INFO: [VRFC 10-2458] undeclared symbol sel, assumed default net type wire [E:/Sem-2/HW-SW/SOC-lab-vivado/MAC/MAC.srcs/sources_1/new/MACTB.v:29]
INFO: [VRFC 10-2263] Analyzing Verilog file "E:/Sem-2/HW-SW/SOC-lab-vivado/MAC/MAC.sim/sim_1/behav/glbl.v" into library xil_defaultlib
INFO: [VRFC 10-311] analyzing module glbl
