Exception at PC 0x000007FDA6B7BB93
Printing stacktrace...

Exception at PC 0x000007FDD65AAEA8
Unable to capture context for thread 5336 in process 4060, can not generate back trace
Unable to capture context for thread 3376 in process 4060, can not generate back trace
Exception at PC 0x000007FDD65AAEA8
Unable to capture context for thread 2512 in process 4060, can not generate back trace
Exception at PC 0x000007FDD65AAEA8
Exception at PC 0x000007FDD65AAEA8
Exception at PC 0x000007FDD65AAEA8
Exception at PC 0x000007FDD65AAEA8
Exception at PC 0x000007FDD65AAEA8
Exception at PC 0x000007FDD65AAEA8
Exception at PC 0x000007FDD65AAEA8
Exception at PC 0x000007FDD65AAEA8
Exception at PC 0x000007FDD65AAEA8
Exception at PC 0x000007FDD65AAEA8
Exception at PC 0x000007FDD65AAEA8
Exception at PC 0x000007FDD65AAEA8
Exception at PC 0x000007FDD65AAEA8
Exception at PC 0x000007FDD65AAEA8
Exception at PC 0x000007FDD65AAEA8
Exception at PC 0x000007FDD65AAEA8
[0]  [0x000007FDA6B7BB93]
[1]  [0x000007FDA6B7BB93]
[2]  [0x000007FDA6B7B4A1]
[3]  [0x000007FDA6B7B3EF]
[4]  [0x000007FDA6B619FE]
[5]  [0x000007FDA6B60ED1]
[6]  [0x000007FDA6B60D76]
[7]  [0x000007FDA6B079F6]
[8]  [0x000007FDA6AF7AFB]
[9]  [0x000007FDA6C1E90A]
[10]  [0x000007FDA6C39F87]
[11]  [0x000007FDA6C3A05F]
[12] (BaseThreadInitThunk+0x1a) [0x000007FDD84F1842]
[13] (RtlUserThreadStart+0x21) [0x000007FDD92CDF11]
Done
